[0.652s] Invoking command in '/home/nishant/Desktop/Projects/Navigation_/hospitalbot_pathplanning/build/hospital_robot_spawner': PYTHONPATH=/home/nishant/Desktop/Projects/Navigation_/hospitalbot_pathplanning/build/hospital_robot_spawner/prefix_override:/usr/lib/python3/dist-packages/colcon_core/task/python/colcon_distutils_commands:/home/nishant/Desktop/Projects/Navigation_/hospitalbot_pathplanning/install/hospital_robot_spawner/lib/python3.10/site-packages:${PYTHONPATH} /usr/bin/python3 -W ignore:setup.py install is deprecated -W ignore:easy_install command is deprecated setup.py develop --uninstall --editable --build-directory /home/nishant/Desktop/Projects/Navigation_/hospitalbot_pathplanning/build/hospital_robot_spawner/build
[0.792s] /home/nishant/.local/lib/python3.10/site-packages/setuptools/_distutils/dist.py:270: UserWarning: Unknown distribution option: 'tests_require'
[0.792s]   warnings.warn(msg)
[0.916s] running develop
[1.091s] Removing /home/nishant/Desktop/Projects/Navigation_/hospitalbot_pathplanning/install/hospital_robot_spawner/lib/python3.10/site-packages/hospital-robot-spawner.egg-link (link to .)
[1.118s] Invoked command in '/home/nishant/Desktop/Projects/Navigation_/hospitalbot_pathplanning/build/hospital_robot_spawner' returned '0': PYTHONPATH=/home/nishant/Desktop/Projects/Navigation_/hospitalbot_pathplanning/build/hospital_robot_spawner/prefix_override:/usr/lib/python3/dist-packages/colcon_core/task/python/colcon_distutils_commands:/home/nishant/Desktop/Projects/Navigation_/hospitalbot_pathplanning/install/hospital_robot_spawner/lib/python3.10/site-packages:${PYTHONPATH} /usr/bin/python3 -W ignore:setup.py install is deprecated -W ignore:easy_install command is deprecated setup.py develop --uninstall --editable --build-directory /home/nishant/Desktop/Projects/Navigation_/hospitalbot_pathplanning/build/hospital_robot_spawner/build
[1.119s] Invoking command in '/home/nishant/Desktop/Projects/Navigation_/hospitalbot_pathplanning/src/Hospitalbot-Path-Planning/hospital_robot_spawner': PYTHONPATH=/home/nishant/Desktop/Projects/Navigation_/hospitalbot_pathplanning/build/hospital_robot_spawner/prefix_override:/usr/lib/python3/dist-packages/colcon_core/task/python/colcon_distutils_commands:/home/nishant/Desktop/Projects/Navigation_/hospitalbot_pathplanning/install/hospital_robot_spawner/lib/python3.10/site-packages:${PYTHONPATH} /usr/bin/python3 -W ignore:setup.py install is deprecated -W ignore:easy_install command is deprecated setup.py egg_info --egg-base ../../../build/hospital_robot_spawner build --build-base /home/nishant/Desktop/Projects/Navigation_/hospitalbot_pathplanning/build/hospital_robot_spawner/build install --record /home/nishant/Desktop/Projects/Navigation_/hospitalbot_pathplanning/build/hospital_robot_spawner/install.log --single-version-externally-managed install_data --force
[1.249s] /home/nishant/.local/lib/python3.10/site-packages/setuptools/_distutils/dist.py:270: UserWarning: Unknown distribution option: 'tests_require'
[1.249s]   warnings.warn(msg)
[1.337s] running egg_info
[1.352s] writing ../../../build/hospital_robot_spawner/hospital_robot_spawner.egg-info/PKG-INFO
[1.355s] writing dependency_links to ../../../build/hospital_robot_spawner/hospital_robot_spawner.egg-info/dependency_links.txt
[1.355s] writing entry points to ../../../build/hospital_robot_spawner/hospital_robot_spawner.egg-info/entry_points.txt
[1.355s] writing requirements to ../../../build/hospital_robot_spawner/hospital_robot_spawner.egg-info/requires.txt
[1.355s] writing top-level names to ../../../build/hospital_robot_spawner/hospital_robot_spawner.egg-info/top_level.txt
[1.385s] reading manifest file '../../../build/hospital_robot_spawner/hospital_robot_spawner.egg-info/SOURCES.txt'
[1.400s] writing manifest file '../../../build/hospital_robot_spawner/hospital_robot_spawner.egg-info/SOURCES.txt'
[1.400s] running build
[1.400s] running build_py
[1.400s] copying hospital_robot_spawner/hospitalbot_simplified_env.py -> /home/nishant/Desktop/Projects/Navigation_/hospitalbot_pathplanning/build/hospital_robot_spawner/build/lib/hospital_robot_spawner
[1.400s] copying hospital_robot_spawner/trained_agent.py -> /home/nishant/Desktop/Projects/Navigation_/hospitalbot_pathplanning/build/hospital_robot_spawner/build/lib/hospital_robot_spawner
[1.401s] copying hospital_robot_spawner/start_training.py -> /home/nishant/Desktop/Projects/Navigation_/hospitalbot_pathplanning/build/hospital_robot_spawner/build/lib/hospital_robot_spawner
[1.401s] copying hospital_robot_spawner/spawn_demo.py -> /home/nishant/Desktop/Projects/Navigation_/hospitalbot_pathplanning/build/hospital_robot_spawner/build/lib/hospital_robot_spawner
[1.401s] copying hospital_robot_spawner/hospitalbot_env.py -> /home/nishant/Desktop/Projects/Navigation_/hospitalbot_pathplanning/build/hospital_robot_spawner/build/lib/hospital_robot_spawner
[1.401s] copying hospital_robot_spawner/__init__.py -> /home/nishant/Desktop/Projects/Navigation_/hospitalbot_pathplanning/build/hospital_robot_spawner/build/lib/hospital_robot_spawner
[1.401s] copying hospital_robot_spawner/robot_controller.py -> /home/nishant/Desktop/Projects/Navigation_/hospitalbot_pathplanning/build/hospital_robot_spawner/build/lib/hospital_robot_spawner
[1.401s] running install
[1.405s] running install_lib
[1.419s] creating /home/nishant/Desktop/Projects/Navigation_/hospitalbot_pathplanning/install/hospital_robot_spawner/lib/python3.10/site-packages/hospital_robot_spawner
[1.419s] copying /home/nishant/Desktop/Projects/Navigation_/hospitalbot_pathplanning/build/hospital_robot_spawner/build/lib/hospital_robot_spawner/hospitalbot_simplified_env.py -> /home/nishant/Desktop/Projects/Navigation_/hospitalbot_pathplanning/install/hospital_robot_spawner/lib/python3.10/site-packages/hospital_robot_spawner
[1.420s] copying /home/nishant/Desktop/Projects/Navigation_/hospitalbot_pathplanning/build/hospital_robot_spawner/build/lib/hospital_robot_spawner/trained_agent.py -> /home/nishant/Desktop/Projects/Navigation_/hospitalbot_pathplanning/install/hospital_robot_spawner/lib/python3.10/site-packages/hospital_robot_spawner
[1.420s] copying /home/nishant/Desktop/Projects/Navigation_/hospitalbot_pathplanning/build/hospital_robot_spawner/build/lib/hospital_robot_spawner/start_training.py -> /home/nishant/Desktop/Projects/Navigation_/hospitalbot_pathplanning/install/hospital_robot_spawner/lib/python3.10/site-packages/hospital_robot_spawner
[1.420s] copying /home/nishant/Desktop/Projects/Navigation_/hospitalbot_pathplanning/build/hospital_robot_spawner/build/lib/hospital_robot_spawner/spawn_demo.py -> /home/nishant/Desktop/Projects/Navigation_/hospitalbot_pathplanning/install/hospital_robot_spawner/lib/python3.10/site-packages/hospital_robot_spawner
[1.420s] copying /home/nishant/Desktop/Projects/Navigation_/hospitalbot_pathplanning/build/hospital_robot_spawner/build/lib/hospital_robot_spawner/hospitalbot_env.py -> /home/nishant/Desktop/Projects/Navigation_/hospitalbot_pathplanning/install/hospital_robot_spawner/lib/python3.10/site-packages/hospital_robot_spawner
[1.420s] copying /home/nishant/Desktop/Projects/Navigation_/hospitalbot_pathplanning/build/hospital_robot_spawner/build/lib/hospital_robot_spawner/__init__.py -> /home/nishant/Desktop/Projects/Navigation_/hospitalbot_pathplanning/install/hospital_robot_spawner/lib/python3.10/site-packages/hospital_robot_spawner
[1.420s] copying /home/nishant/Desktop/Projects/Navigation_/hospitalbot_pathplanning/build/hospital_robot_spawner/build/lib/hospital_robot_spawner/robot_controller.py -> /home/nishant/Desktop/Projects/Navigation_/hospitalbot_pathplanning/install/hospital_robot_spawner/lib/python3.10/site-packages/hospital_robot_spawner
[1.420s] byte-compiling /home/nishant/Desktop/Projects/Navigation_/hospitalbot_pathplanning/install/hospital_robot_spawner/lib/python3.10/site-packages/hospital_robot_spawner/hospitalbot_simplified_env.py to hospitalbot_simplified_env.cpython-310.pyc
[1.421s] byte-compiling /home/nishant/Desktop/Projects/Navigation_/hospitalbot_pathplanning/install/hospital_robot_spawner/lib/python3.10/site-packages/hospital_robot_spawner/trained_agent.py to trained_agent.cpython-310.pyc
[1.421s] byte-compiling /home/nishant/Desktop/Projects/Navigation_/hospitalbot_pathplanning/install/hospital_robot_spawner/lib/python3.10/site-packages/hospital_robot_spawner/start_training.py to start_training.cpython-310.pyc
[1.422s] byte-compiling /home/nishant/Desktop/Projects/Navigation_/hospitalbot_pathplanning/install/hospital_robot_spawner/lib/python3.10/site-packages/hospital_robot_spawner/spawn_demo.py to spawn_demo.cpython-310.pyc
[1.423s] byte-compiling /home/nishant/Desktop/Projects/Navigation_/hospitalbot_pathplanning/install/hospital_robot_spawner/lib/python3.10/site-packages/hospital_robot_spawner/hospitalbot_env.py to hospitalbot_env.cpython-310.pyc
[1.427s] byte-compiling /home/nishant/Desktop/Projects/Navigation_/hospitalbot_pathplanning/install/hospital_robot_spawner/lib/python3.10/site-packages/hospital_robot_spawner/__init__.py to __init__.cpython-310.pyc
[1.427s] byte-compiling /home/nishant/Desktop/Projects/Navigation_/hospitalbot_pathplanning/install/hospital_robot_spawner/lib/python3.10/site-packages/hospital_robot_spawner/robot_controller.py to robot_controller.cpython-310.pyc
[1.427s] running install_data
[1.428s] copying resource/hospital_robot_spawner -> /home/nishant/Desktop/Projects/Navigation_/hospitalbot_pathplanning/install/hospital_robot_spawner/share/ament_index/resource_index/packages
[1.428s] copying package.xml -> /home/nishant/Desktop/Projects/Navigation_/hospitalbot_pathplanning/install/hospital_robot_spawner/share/hospital_robot_spawner
[1.428s] copying launch/start_training.launch.py -> /home/nishant/Desktop/Projects/Navigation_/hospitalbot_pathplanning/install/hospital_robot_spawner/share/hospital_robot_spawner/launch
[1.428s] copying launch/discretized_hospital.launch.py -> /home/nishant/Desktop/Projects/Navigation_/hospitalbot_pathplanning/install/hospital_robot_spawner/share/hospital_robot_spawner/launch
[1.428s] copying launch/headless_world.launch.py -> /home/nishant/Desktop/Projects/Navigation_/hospitalbot_pathplanning/install/hospital_robot_spawner/share/hospital_robot_spawner/launch
[1.428s] copying launch/gazebo_world.launch.py -> /home/nishant/Desktop/Projects/Navigation_/hospitalbot_pathplanning/install/hospital_robot_spawner/share/hospital_robot_spawner/launch
[1.428s] copying launch/trained_agent.launch.py -> /home/nishant/Desktop/Projects/Navigation_/hospitalbot_pathplanning/install/hospital_robot_spawner/share/hospital_robot_spawner/launch
[1.428s] copying launch/test.launch.py -> /home/nishant/Desktop/Projects/Navigation_/hospitalbot_pathplanning/install/hospital_robot_spawner/share/hospital_robot_spawner/launch
[1.428s] copying config/training_parameters.yaml -> /home/nishant/Desktop/Projects/Navigation_/hospitalbot_pathplanning/install/hospital_robot_spawner/share/hospital_robot_spawner/config
[1.428s] copying worlds/hospital_training.world -> /home/nishant/Desktop/Projects/Navigation_/hospitalbot_pathplanning/install/hospital_robot_spawner/share/hospital_robot_spawner/worlds
[1.429s] copying worlds/hospital.world -> /home/nishant/Desktop/Projects/Navigation_/hospitalbot_pathplanning/install/hospital_robot_spawner/share/hospital_robot_spawner/worlds
[1.429s] copying worlds/test.world -> /home/nishant/Desktop/Projects/Navigation_/hospitalbot_pathplanning/install/hospital_robot_spawner/share/hospital_robot_spawner/worlds
[1.429s] copying worlds/hospital_discretized.world -> /home/nishant/Desktop/Projects/Navigation_/hospitalbot_pathplanning/install/hospital_robot_spawner/share/hospital_robot_spawner/worlds
[1.429s] copying models/mobile_warehouse_robot/model.sdf -> /home/nishant/Desktop/Projects/Navigation_/hospitalbot_pathplanning/install/hospital_robot_spawner/share/hospital_robot_spawner/models/mobile_warehouse_robot
[1.429s] copying models/mobile_warehouse_robot/model.config -> /home/nishant/Desktop/Projects/Navigation_/hospitalbot_pathplanning/install/hospital_robot_spawner/share/hospital_robot_spawner/models/mobile_warehouse_robot
[1.429s] copying models/pioneer3at/model.sdf -> /home/nishant/Desktop/Projects/Navigation_/hospitalbot_pathplanning/install/hospital_robot_spawner/share/hospital_robot_spawner/models/pioneer3at
[1.429s] copying models/pioneer3at/model.config -> /home/nishant/Desktop/Projects/Navigation_/hospitalbot_pathplanning/install/hospital_robot_spawner/share/hospital_robot_spawner/models/pioneer3at
[1.429s] copying models/Target/model.sdf -> /home/nishant/Desktop/Projects/Navigation_/hospitalbot_pathplanning/install/hospital_robot_spawner/share/hospital_robot_spawner/models/Target
[1.429s] copying models/Target/model.config -> /home/nishant/Desktop/Projects/Navigation_/hospitalbot_pathplanning/install/hospital_robot_spawner/share/hospital_robot_spawner/models/Target
[1.429s] copying worlds/hospital_training.world -> /home/nishant/Desktop/Projects/Navigation_/hospitalbot_pathplanning/install/hospital_robot_spawner/share/hospital_robot_spawner/models
[1.430s] copying worlds/hospital.world -> /home/nishant/Desktop/Projects/Navigation_/hospitalbot_pathplanning/install/hospital_robot_spawner/share/hospital_robot_spawner/models
[1.430s] copying worlds/test.world -> /home/nishant/Desktop/Projects/Navigation_/hospitalbot_pathplanning/install/hospital_robot_spawner/share/hospital_robot_spawner/models
[1.430s] copying worlds/hospital_discretized.world -> /home/nishant/Desktop/Projects/Navigation_/hospitalbot_pathplanning/install/hospital_robot_spawner/share/hospital_robot_spawner/models
[1.430s] running install_egg_info
[1.444s] Copying ../../../build/hospital_robot_spawner/hospital_robot_spawner.egg-info to /home/nishant/Desktop/Projects/Navigation_/hospitalbot_pathplanning/install/hospital_robot_spawner/lib/python3.10/site-packages/hospital_robot_spawner-0.0.0-py3.10.egg-info
[1.445s] running install_scripts
[1.552s] Installing spawn_demo script to /home/nishant/Desktop/Projects/Navigation_/hospitalbot_pathplanning/install/hospital_robot_spawner/lib/hospital_robot_spawner
[1.577s] Installing start_training script to /home/nishant/Desktop/Projects/Navigation_/hospitalbot_pathplanning/install/hospital_robot_spawner/lib/hospital_robot_spawner
[1.577s] Installing trained_agent script to /home/nishant/Desktop/Projects/Navigation_/hospitalbot_pathplanning/install/hospital_robot_spawner/lib/hospital_robot_spawner
[1.579s] writing list of installed files to '/home/nishant/Desktop/Projects/Navigation_/hospitalbot_pathplanning/build/hospital_robot_spawner/install.log'
[1.618s] Invoked command in '/home/nishant/Desktop/Projects/Navigation_/hospitalbot_pathplanning/src/Hospitalbot-Path-Planning/hospital_robot_spawner' returned '0': PYTHONPATH=/home/nishant/Desktop/Projects/Navigation_/hospitalbot_pathplanning/build/hospital_robot_spawner/prefix_override:/usr/lib/python3/dist-packages/colcon_core/task/python/colcon_distutils_commands:/home/nishant/Desktop/Projects/Navigation_/hospitalbot_pathplanning/install/hospital_robot_spawner/lib/python3.10/site-packages:${PYTHONPATH} /usr/bin/python3 -W ignore:setup.py install is deprecated -W ignore:easy_install command is deprecated setup.py egg_info --egg-base ../../../build/hospital_robot_spawner build --build-base /home/nishant/Desktop/Projects/Navigation_/hospitalbot_pathplanning/build/hospital_robot_spawner/build install --record /home/nishant/Desktop/Projects/Navigation_/hospitalbot_pathplanning/build/hospital_robot_spawner/install.log --single-version-externally-managed install_data --force
