[8.403s] Invoking command in '/home/nishant/Desktop/Projects/Navigation_/hospitalbot_pathplanning/src/Hospitalbot-Path-Planning/hospital_robot_spawner': PYTHONPATH=/home/nishant/Desktop/Projects/Navigation_/hospitalbot_pathplanning/build/hospital_robot_spawner/prefix_override:/usr/lib/python3/dist-packages/colcon_core/task/python/colcon_distutils_commands:/home/nishant/Desktop/Projects/Navigation_/hospitalbot_pathplanning/install/hospital_robot_spawner/lib/python3.10/site-packages:${PYTHONPATH} /usr/bin/python3 -W ignore:setup.py install is deprecated -W ignore:easy_install command is deprecated setup.py egg_info --egg-base ../../../build/hospital_robot_spawner build --build-base /home/nishant/Desktop/Projects/Navigation_/hospitalbot_pathplanning/build/hospital_robot_spawner/build install --record /home/nishant/Desktop/Projects/Navigation_/hospitalbot_pathplanning/build/hospital_robot_spawner/install.log --single-version-externally-managed install_data
[8.540s] /home/nishant/.local/lib/python3.10/site-packages/setuptools/_distutils/dist.py:270: UserWarning: Unknown distribution option: 'tests_require'
[8.540s]   warnings.warn(msg)
[8.623s] running egg_info
[8.637s] creating ../../../build/hospital_robot_spawner/hospital_robot_spawner.egg-info
[8.637s] writing ../../../build/hospital_robot_spawner/hospital_robot_spawner.egg-info/PKG-INFO
[8.637s] writing dependency_links to ../../../build/hospital_robot_spawner/hospital_robot_spawner.egg-info/dependency_links.txt
[8.637s] writing entry points to ../../../build/hospital_robot_spawner/hospital_robot_spawner.egg-info/entry_points.txt
[8.637s] writing requirements to ../../../build/hospital_robot_spawner/hospital_robot_spawner.egg-info/requires.txt
[8.637s] writing top-level names to ../../../build/hospital_robot_spawner/hospital_robot_spawner.egg-info/top_level.txt
[8.637s] writing manifest file '../../../build/hospital_robot_spawner/hospital_robot_spawner.egg-info/SOURCES.txt'
[8.666s] reading manifest file '../../../build/hospital_robot_spawner/hospital_robot_spawner.egg-info/SOURCES.txt'
[8.667s] writing manifest file '../../../build/hospital_robot_spawner/hospital_robot_spawner.egg-info/SOURCES.txt'
[8.667s] running build
[8.668s] running build_py
[8.668s] creating /home/nishant/Desktop/Projects/Navigation_/hospitalbot_pathplanning/build/hospital_robot_spawner/build/lib/hospital_robot_spawner
[8.668s] copying hospital_robot_spawner/hospitalbot_simplified_env.py -> /home/nishant/Desktop/Projects/Navigation_/hospitalbot_pathplanning/build/hospital_robot_spawner/build/lib/hospital_robot_spawner
[8.668s] copying hospital_robot_spawner/trained_agent.py -> /home/nishant/Desktop/Projects/Navigation_/hospitalbot_pathplanning/build/hospital_robot_spawner/build/lib/hospital_robot_spawner
[8.668s] copying hospital_robot_spawner/start_training.py -> /home/nishant/Desktop/Projects/Navigation_/hospitalbot_pathplanning/build/hospital_robot_spawner/build/lib/hospital_robot_spawner
[8.668s] copying hospital_robot_spawner/spawn_demo.py -> /home/nishant/Desktop/Projects/Navigation_/hospitalbot_pathplanning/build/hospital_robot_spawner/build/lib/hospital_robot_spawner
[8.668s] copying hospital_robot_spawner/hospitalbot_env.py -> /home/nishant/Desktop/Projects/Navigation_/hospitalbot_pathplanning/build/hospital_robot_spawner/build/lib/hospital_robot_spawner
[8.668s] copying hospital_robot_spawner/__init__.py -> /home/nishant/Desktop/Projects/Navigation_/hospitalbot_pathplanning/build/hospital_robot_spawner/build/lib/hospital_robot_spawner
[8.669s] copying hospital_robot_spawner/robot_controller.py -> /home/nishant/Desktop/Projects/Navigation_/hospitalbot_pathplanning/build/hospital_robot_spawner/build/lib/hospital_robot_spawner
[8.669s] running install
[8.672s] running install_lib
[8.686s] copying /home/nishant/Desktop/Projects/Navigation_/hospitalbot_pathplanning/build/hospital_robot_spawner/build/lib/hospital_robot_spawner/trained_agent.py -> /home/nishant/Desktop/Projects/Navigation_/hospitalbot_pathplanning/install/hospital_robot_spawner/lib/python3.10/site-packages/hospital_robot_spawner
[8.686s] copying /home/nishant/Desktop/Projects/Navigation_/hospitalbot_pathplanning/build/hospital_robot_spawner/build/lib/hospital_robot_spawner/start_training.py -> /home/nishant/Desktop/Projects/Navigation_/hospitalbot_pathplanning/install/hospital_robot_spawner/lib/python3.10/site-packages/hospital_robot_spawner
[8.686s] byte-compiling /home/nishant/Desktop/Projects/Navigation_/hospitalbot_pathplanning/install/hospital_robot_spawner/lib/python3.10/site-packages/hospital_robot_spawner/trained_agent.py to trained_agent.cpython-310.pyc
[8.687s] byte-compiling /home/nishant/Desktop/Projects/Navigation_/hospitalbot_pathplanning/install/hospital_robot_spawner/lib/python3.10/site-packages/hospital_robot_spawner/start_training.py to start_training.cpython-310.pyc
[8.688s] running install_data
[8.688s] copying resource/hospital_robot_spawner -> /home/nishant/Desktop/Projects/Navigation_/hospitalbot_pathplanning/install/hospital_robot_spawner/share/ament_index/resource_index/packages
[8.688s] copying package.xml -> /home/nishant/Desktop/Projects/Navigation_/hospitalbot_pathplanning/install/hospital_robot_spawner/share/hospital_robot_spawner
[8.688s] copying launch/start_training.launch.py -> /home/nishant/Desktop/Projects/Navigation_/hospitalbot_pathplanning/install/hospital_robot_spawner/share/hospital_robot_spawner/launch
[8.689s] copying launch/discretized_hospital.launch.py -> /home/nishant/Desktop/Projects/Navigation_/hospitalbot_pathplanning/install/hospital_robot_spawner/share/hospital_robot_spawner/launch
[8.689s] copying launch/headless_world.launch.py -> /home/nishant/Desktop/Projects/Navigation_/hospitalbot_pathplanning/install/hospital_robot_spawner/share/hospital_robot_spawner/launch
[8.689s] copying launch/gazebo_world.launch.py -> /home/nishant/Desktop/Projects/Navigation_/hospitalbot_pathplanning/install/hospital_robot_spawner/share/hospital_robot_spawner/launch
[8.689s] copying launch/trained_agent.launch.py -> /home/nishant/Desktop/Projects/Navigation_/hospitalbot_pathplanning/install/hospital_robot_spawner/share/hospital_robot_spawner/launch
[8.689s] copying launch/test.launch.py -> /home/nishant/Desktop/Projects/Navigation_/hospitalbot_pathplanning/install/hospital_robot_spawner/share/hospital_robot_spawner/launch
[8.689s] copying config/training_parameters.yaml -> /home/nishant/Desktop/Projects/Navigation_/hospitalbot_pathplanning/install/hospital_robot_spawner/share/hospital_robot_spawner/config
[8.689s] copying worlds/hospital_training.world -> /home/nishant/Desktop/Projects/Navigation_/hospitalbot_pathplanning/install/hospital_robot_spawner/share/hospital_robot_spawner/worlds
[8.689s] copying worlds/hospital.world -> /home/nishant/Desktop/Projects/Navigation_/hospitalbot_pathplanning/install/hospital_robot_spawner/share/hospital_robot_spawner/worlds
[8.690s] copying worlds/test.world -> /home/nishant/Desktop/Projects/Navigation_/hospitalbot_pathplanning/install/hospital_robot_spawner/share/hospital_robot_spawner/worlds
[8.690s] copying worlds/hospital_discretized.world -> /home/nishant/Desktop/Projects/Navigation_/hospitalbot_pathplanning/install/hospital_robot_spawner/share/hospital_robot_spawner/worlds
[8.690s] copying models/mobile_warehouse_robot/model.sdf -> /home/nishant/Desktop/Projects/Navigation_/hospitalbot_pathplanning/install/hospital_robot_spawner/share/hospital_robot_spawner/models/mobile_warehouse_robot
[8.690s] copying models/mobile_warehouse_robot/model.config -> /home/nishant/Desktop/Projects/Navigation_/hospitalbot_pathplanning/install/hospital_robot_spawner/share/hospital_robot_spawner/models/mobile_warehouse_robot
[8.690s] copying models/pioneer3at/model.sdf -> /home/nishant/Desktop/Projects/Navigation_/hospitalbot_pathplanning/install/hospital_robot_spawner/share/hospital_robot_spawner/models/pioneer3at
[8.690s] copying models/pioneer3at/model.config -> /home/nishant/Desktop/Projects/Navigation_/hospitalbot_pathplanning/install/hospital_robot_spawner/share/hospital_robot_spawner/models/pioneer3at
[8.690s] copying models/Target/model.sdf -> /home/nishant/Desktop/Projects/Navigation_/hospitalbot_pathplanning/install/hospital_robot_spawner/share/hospital_robot_spawner/models/Target
[8.690s] copying models/Target/model.config -> /home/nishant/Desktop/Projects/Navigation_/hospitalbot_pathplanning/install/hospital_robot_spawner/share/hospital_robot_spawner/models/Target
[8.691s] copying worlds/hospital_training.world -> /home/nishant/Desktop/Projects/Navigation_/hospitalbot_pathplanning/install/hospital_robot_spawner/share/hospital_robot_spawner/models
[8.691s] copying worlds/hospital.world -> /home/nishant/Desktop/Projects/Navigation_/hospitalbot_pathplanning/install/hospital_robot_spawner/share/hospital_robot_spawner/models
[8.691s] copying worlds/test.world -> /home/nishant/Desktop/Projects/Navigation_/hospitalbot_pathplanning/install/hospital_robot_spawner/share/hospital_robot_spawner/models
[8.691s] copying worlds/hospital_discretized.world -> /home/nishant/Desktop/Projects/Navigation_/hospitalbot_pathplanning/install/hospital_robot_spawner/share/hospital_robot_spawner/models
[8.691s] running install_egg_info
[8.706s] removing '/home/nishant/Desktop/Projects/Navigation_/hospitalbot_pathplanning/install/hospital_robot_spawner/lib/python3.10/site-packages/hospital_robot_spawner-0.0.0-py3.10.egg-info' (and everything under it)
[8.706s] Copying ../../../build/hospital_robot_spawner/hospital_robot_spawner.egg-info to /home/nishant/Desktop/Projects/Navigation_/hospitalbot_pathplanning/install/hospital_robot_spawner/lib/python3.10/site-packages/hospital_robot_spawner-0.0.0-py3.10.egg-info
[8.707s] running install_scripts
[8.823s] Installing spawn_demo script to /home/nishant/Desktop/Projects/Navigation_/hospitalbot_pathplanning/install/hospital_robot_spawner/lib/hospital_robot_spawner
[8.823s] Installing start_training script to /home/nishant/Desktop/Projects/Navigation_/hospitalbot_pathplanning/install/hospital_robot_spawner/lib/hospital_robot_spawner
[8.823s] Installing trained_agent script to /home/nishant/Desktop/Projects/Navigation_/hospitalbot_pathplanning/install/hospital_robot_spawner/lib/hospital_robot_spawner
[8.823s] writing list of installed files to '/home/nishant/Desktop/Projects/Navigation_/hospitalbot_pathplanning/build/hospital_robot_spawner/install.log'
[8.846s] Invoked command in '/home/nishant/Desktop/Projects/Navigation_/hospitalbot_pathplanning/src/Hospitalbot-Path-Planning/hospital_robot_spawner' returned '0': PYTHONPATH=/home/nishant/Desktop/Projects/Navigation_/hospitalbot_pathplanning/build/hospital_robot_spawner/prefix_override:/usr/lib/python3/dist-packages/colcon_core/task/python/colcon_distutils_commands:/home/nishant/Desktop/Projects/Navigation_/hospitalbot_pathplanning/install/hospital_robot_spawner/lib/python3.10/site-packages:${PYTHONPATH} /usr/bin/python3 -W ignore:setup.py install is deprecated -W ignore:easy_install command is deprecated setup.py egg_info --egg-base ../../../build/hospital_robot_spawner build --build-base /home/nishant/Desktop/Projects/Navigation_/hospitalbot_pathplanning/build/hospital_robot_spawner/build install --record /home/nishant/Desktop/Projects/Navigation_/hospitalbot_pathplanning/build/hospital_robot_spawner/install.log --single-version-externally-managed install_data
