[0.699s] Invoking command in '/home/nishant/Desktop/Projects/Navigation_/hospitalbot_pathplanning/build/hospital_robot_spawner': CONDA_PROMPT_MODIFIER=(rl_navigation) PYTHONPATH=/home/nishant/Desktop/Projects/Navigation_/hospitalbot_pathplanning/build/hospital_robot_spawner/prefix_override:/usr/lib/python3/dist-packages/colcon_core/task/python/colcon_distutils_commands:/home/nishant/Desktop/Projects/Navigation_/hospitalbot_pathplanning/install/hospital_robot_spawner/lib/python3.10/site-packages:${PYTHONPATH} /usr/bin/python3 -W ignore:setup.py install is deprecated -W ignore:easy_install command is deprecated setup.py develop --editable --build-directory /home/nishant/Desktop/Projects/Navigation_/hospitalbot_pathplanning/build/hospital_robot_spawner/build --no-deps symlink_data --force
[0.836s] /home/nishant/.local/lib/python3.10/site-packages/setuptools/_distutils/dist.py:270: UserWarning: Unknown distribution option: 'tests_require'
[0.836s]   warnings.warn(msg)
[0.985s] running develop
[1.252s] running egg_info
[1.268s] writing hospital_robot_spawner.egg-info/PKG-INFO
[1.269s] writing dependency_links to hospital_robot_spawner.egg-info/dependency_links.txt
[1.322s] writing entry points to hospital_robot_spawner.egg-info/entry_points.txt
[1.323s] writing requirements to hospital_robot_spawner.egg-info/requires.txt
[1.324s] writing top-level names to hospital_robot_spawner.egg-info/top_level.txt
[1.394s] reading manifest file 'hospital_robot_spawner.egg-info/SOURCES.txt'
[1.412s] writing manifest file 'hospital_robot_spawner.egg-info/SOURCES.txt'
[1.454s] running build_ext
[1.454s] Creating /home/nishant/Desktop/Projects/Navigation_/hospitalbot_pathplanning/install/hospital_robot_spawner/lib/python3.10/site-packages/hospital-robot-spawner.egg-link (link to .)
[1.456s] Installing spawn_demo script to /home/nishant/Desktop/Projects/Navigation_/hospitalbot_pathplanning/install/hospital_robot_spawner/lib/hospital_robot_spawner
[1.456s] Installing start_training script to /home/nishant/Desktop/Projects/Navigation_/hospitalbot_pathplanning/install/hospital_robot_spawner/lib/hospital_robot_spawner
[1.456s] Installing trained_agent script to /home/nishant/Desktop/Projects/Navigation_/hospitalbot_pathplanning/install/hospital_robot_spawner/lib/hospital_robot_spawner
[1.457s] 
[1.457s] Installed /home/nishant/Desktop/Projects/Navigation_/hospitalbot_pathplanning/build/hospital_robot_spawner
[1.457s] running symlink_data
[1.457s] symbolically linking /home/nishant/Desktop/Projects/Navigation_/hospitalbot_pathplanning/build/hospital_robot_spawner/resource/hospital_robot_spawner -> /home/nishant/Desktop/Projects/Navigation_/hospitalbot_pathplanning/install/hospital_robot_spawner/share/ament_index/resource_index/packages
[1.459s] symbolically linking /home/nishant/Desktop/Projects/Navigation_/hospitalbot_pathplanning/build/hospital_robot_spawner/package.xml -> /home/nishant/Desktop/Projects/Navigation_/hospitalbot_pathplanning/install/hospital_robot_spawner/share/hospital_robot_spawner
[1.459s] symbolically linking /home/nishant/Desktop/Projects/Navigation_/hospitalbot_pathplanning/build/hospital_robot_spawner/launch/start_training.launch.py -> /home/nishant/Desktop/Projects/Navigation_/hospitalbot_pathplanning/install/hospital_robot_spawner/share/hospital_robot_spawner/launch
[1.459s] symbolically linking /home/nishant/Desktop/Projects/Navigation_/hospitalbot_pathplanning/build/hospital_robot_spawner/launch/discretized_hospital.launch.py -> /home/nishant/Desktop/Projects/Navigation_/hospitalbot_pathplanning/install/hospital_robot_spawner/share/hospital_robot_spawner/launch
[1.460s] symbolically linking /home/nishant/Desktop/Projects/Navigation_/hospitalbot_pathplanning/build/hospital_robot_spawner/launch/headless_world.launch.py -> /home/nishant/Desktop/Projects/Navigation_/hospitalbot_pathplanning/install/hospital_robot_spawner/share/hospital_robot_spawner/launch
[1.460s] symbolically linking /home/nishant/Desktop/Projects/Navigation_/hospitalbot_pathplanning/build/hospital_robot_spawner/launch/gazebo_world.launch.py -> /home/nishant/Desktop/Projects/Navigation_/hospitalbot_pathplanning/install/hospital_robot_spawner/share/hospital_robot_spawner/launch
[1.460s] symbolically linking /home/nishant/Desktop/Projects/Navigation_/hospitalbot_pathplanning/build/hospital_robot_spawner/launch/trained_agent.launch.py -> /home/nishant/Desktop/Projects/Navigation_/hospitalbot_pathplanning/install/hospital_robot_spawner/share/hospital_robot_spawner/launch
[1.460s] symbolically linking /home/nishant/Desktop/Projects/Navigation_/hospitalbot_pathplanning/build/hospital_robot_spawner/launch/test.launch.py -> /home/nishant/Desktop/Projects/Navigation_/hospitalbot_pathplanning/install/hospital_robot_spawner/share/hospital_robot_spawner/launch
[1.461s] symbolically linking /home/nishant/Desktop/Projects/Navigation_/hospitalbot_pathplanning/build/hospital_robot_spawner/config/training_parameters.yaml -> /home/nishant/Desktop/Projects/Navigation_/hospitalbot_pathplanning/install/hospital_robot_spawner/share/hospital_robot_spawner/config
[1.461s] symbolically linking /home/nishant/Desktop/Projects/Navigation_/hospitalbot_pathplanning/build/hospital_robot_spawner/worlds/hospital_training.world -> /home/nishant/Desktop/Projects/Navigation_/hospitalbot_pathplanning/install/hospital_robot_spawner/share/hospital_robot_spawner/worlds
[1.461s] symbolically linking /home/nishant/Desktop/Projects/Navigation_/hospitalbot_pathplanning/build/hospital_robot_spawner/worlds/hospital.world -> /home/nishant/Desktop/Projects/Navigation_/hospitalbot_pathplanning/install/hospital_robot_spawner/share/hospital_robot_spawner/worlds
[1.461s] symbolically linking /home/nishant/Desktop/Projects/Navigation_/hospitalbot_pathplanning/build/hospital_robot_spawner/worlds/test.world -> /home/nishant/Desktop/Projects/Navigation_/hospitalbot_pathplanning/install/hospital_robot_spawner/share/hospital_robot_spawner/worlds
[1.462s] symbolically linking /home/nishant/Desktop/Projects/Navigation_/hospitalbot_pathplanning/build/hospital_robot_spawner/worlds/hospital_discretized.world -> /home/nishant/Desktop/Projects/Navigation_/hospitalbot_pathplanning/install/hospital_robot_spawner/share/hospital_robot_spawner/worlds
[1.462s] symbolically linking /home/nishant/Desktop/Projects/Navigation_/hospitalbot_pathplanning/build/hospital_robot_spawner/models/mobile_warehouse_robot/model.sdf -> /home/nishant/Desktop/Projects/Navigation_/hospitalbot_pathplanning/install/hospital_robot_spawner/share/hospital_robot_spawner/models/mobile_warehouse_robot
[1.462s] symbolically linking /home/nishant/Desktop/Projects/Navigation_/hospitalbot_pathplanning/build/hospital_robot_spawner/models/mobile_warehouse_robot/model.config -> /home/nishant/Desktop/Projects/Navigation_/hospitalbot_pathplanning/install/hospital_robot_spawner/share/hospital_robot_spawner/models/mobile_warehouse_robot
[1.462s] symbolically linking /home/nishant/Desktop/Projects/Navigation_/hospitalbot_pathplanning/build/hospital_robot_spawner/models/pioneer3at/model.sdf -> /home/nishant/Desktop/Projects/Navigation_/hospitalbot_pathplanning/install/hospital_robot_spawner/share/hospital_robot_spawner/models/pioneer3at
[1.462s] symbolically linking /home/nishant/Desktop/Projects/Navigation_/hospitalbot_pathplanning/build/hospital_robot_spawner/models/pioneer3at/model.config -> /home/nishant/Desktop/Projects/Navigation_/hospitalbot_pathplanning/install/hospital_robot_spawner/share/hospital_robot_spawner/models/pioneer3at
[1.462s] symbolically linking /home/nishant/Desktop/Projects/Navigation_/hospitalbot_pathplanning/build/hospital_robot_spawner/models/Target/model.sdf -> /home/nishant/Desktop/Projects/Navigation_/hospitalbot_pathplanning/install/hospital_robot_spawner/share/hospital_robot_spawner/models/Target
[1.462s] symbolically linking /home/nishant/Desktop/Projects/Navigation_/hospitalbot_pathplanning/build/hospital_robot_spawner/models/Target/model.config -> /home/nishant/Desktop/Projects/Navigation_/hospitalbot_pathplanning/install/hospital_robot_spawner/share/hospital_robot_spawner/models/Target
[1.462s] symbolically linking /home/nishant/Desktop/Projects/Navigation_/hospitalbot_pathplanning/build/hospital_robot_spawner/worlds/hospital_training.world -> /home/nishant/Desktop/Projects/Navigation_/hospitalbot_pathplanning/install/hospital_robot_spawner/share/hospital_robot_spawner/models
[1.462s] symbolically linking /home/nishant/Desktop/Projects/Navigation_/hospitalbot_pathplanning/build/hospital_robot_spawner/worlds/hospital.world -> /home/nishant/Desktop/Projects/Navigation_/hospitalbot_pathplanning/install/hospital_robot_spawner/share/hospital_robot_spawner/models
[1.462s] symbolically linking /home/nishant/Desktop/Projects/Navigation_/hospitalbot_pathplanning/build/hospital_robot_spawner/worlds/test.world -> /home/nishant/Desktop/Projects/Navigation_/hospitalbot_pathplanning/install/hospital_robot_spawner/share/hospital_robot_spawner/models
[1.462s] symbolically linking /home/nishant/Desktop/Projects/Navigation_/hospitalbot_pathplanning/build/hospital_robot_spawner/worlds/hospital_discretized.world -> /home/nishant/Desktop/Projects/Navigation_/hospitalbot_pathplanning/install/hospital_robot_spawner/share/hospital_robot_spawner/models
[1.503s] Invoked command in '/home/nishant/Desktop/Projects/Navigation_/hospitalbot_pathplanning/build/hospital_robot_spawner' returned '0': CONDA_PROMPT_MODIFIER=(rl_navigation) PYTHONPATH=/home/nishant/Desktop/Projects/Navigation_/hospitalbot_pathplanning/build/hospital_robot_spawner/prefix_override:/usr/lib/python3/dist-packages/colcon_core/task/python/colcon_distutils_commands:/home/nishant/Desktop/Projects/Navigation_/hospitalbot_pathplanning/install/hospital_robot_spawner/lib/python3.10/site-packages:${PYTHONPATH} /usr/bin/python3 -W ignore:setup.py install is deprecated -W ignore:easy_install command is deprecated setup.py develop --editable --build-directory /home/nishant/Desktop/Projects/Navigation_/hospitalbot_pathplanning/build/hospital_robot_spawner/build --no-deps symlink_data --force
